# QEMU configure log Fri Mar 22 13:51:07 CST 2024
# Configured with: '../configure' '--target-list=mips-softmmu' '--enable-fdt' '--disable-kvm' '--disable-xen' '--enable-gcrypt'
#

funcs: do_compiler do_cc compile_object check_define main
lines: 145 177 549 575 0
cc -std=gnu11 -Wall -D_GNU_SOURCE -D_FILE_OFFSET_BITS=64 -D_LARGEFILE_SOURCE -Wstrict-prototypes -Wredundant-decls -Wundef -Wwrite-strings -Wmissing-prototypes -fno-strict-aliasing -fno-common -fwrapv -c -o config-temp/qemu-conf.o config-temp/qemu-conf.c
config-temp/qemu-conf.c:2:2: error: __linux__ not defined
#error __linux__ not defined
 ^
1 error generated.

funcs: do_compiler do_cc compile_object check_define main
lines: 145 177 549 577 0
cc -std=gnu11 -Wall -D_GNU_SOURCE -D_FILE_OFFSET_BITS=64 -D_LARGEFILE_SOURCE -Wstrict-prototypes -Wredundant-decls -Wundef -Wwrite-strings -Wmissing-prototypes -fno-strict-aliasing -fno-common -fwrapv -c -o config-temp/qemu-conf.o config-temp/qemu-conf.c
config-temp/qemu-conf.c:2:2: error: _WIN32 not defined
#error _WIN32 not defined
 ^
1 error generated.

funcs: do_compiler do_cc compile_object check_define main
lines: 145 177 549 579 0
cc -std=gnu11 -Wall -D_GNU_SOURCE -D_FILE_OFFSET_BITS=64 -D_LARGEFILE_SOURCE -Wstrict-prototypes -Wredundant-decls -Wundef -Wwrite-strings -Wmissing-prototypes -fno-strict-aliasing -fno-common -fwrapv -c -o config-temp/qemu-conf.o config-temp/qemu-conf.c
config-temp/qemu-conf.c:2:2: error: __OpenBSD__ not defined
#error __OpenBSD__ not defined
 ^
1 error generated.

funcs: do_compiler do_cc compile_object check_define main
lines: 145 177 549 581 0
cc -std=gnu11 -Wall -D_GNU_SOURCE -D_FILE_OFFSET_BITS=64 -D_LARGEFILE_SOURCE -Wstrict-prototypes -Wredundant-decls -Wundef -Wwrite-strings -Wmissing-prototypes -fno-strict-aliasing -fno-common -fwrapv -c -o config-temp/qemu-conf.o config-temp/qemu-conf.c
config-temp/qemu-conf.c:2:2: error: __sun__ not defined
#error __sun__ not defined
 ^
1 error generated.

funcs: do_compiler do_cc compile_object check_define main
lines: 145 177 549 583 0
cc -std=gnu11 -Wall -D_GNU_SOURCE -D_FILE_OFFSET_BITS=64 -D_LARGEFILE_SOURCE -Wstrict-prototypes -Wredundant-decls -Wundef -Wwrite-strings -Wmissing-prototypes -fno-strict-aliasing -fno-common -fwrapv -c -o config-temp/qemu-conf.o config-temp/qemu-conf.c
config-temp/qemu-conf.c:2:2: error: __HAIKU__ not defined
#error __HAIKU__ not defined
 ^
1 error generated.

funcs: do_compiler do_cc compile_object check_define main
lines: 145 177 549 585 0
cc -std=gnu11 -Wall -D_GNU_SOURCE -D_FILE_OFFSET_BITS=64 -D_LARGEFILE_SOURCE -Wstrict-prototypes -Wredundant-decls -Wundef -Wwrite-strings -Wmissing-prototypes -fno-strict-aliasing -fno-common -fwrapv -c -o config-temp/qemu-conf.o config-temp/qemu-conf.c
config-temp/qemu-conf.c:2:2: error: __FreeBSD__ not defined
#error __FreeBSD__ not defined
 ^
1 error generated.

funcs: do_compiler do_cc compile_object check_define main
lines: 145 177 549 587 0
cc -std=gnu11 -Wall -D_GNU_SOURCE -D_FILE_OFFSET_BITS=64 -D_LARGEFILE_SOURCE -Wstrict-prototypes -Wredundant-decls -Wundef -Wwrite-strings -Wmissing-prototypes -fno-strict-aliasing -fno-common -fwrapv -c -o config-temp/qemu-conf.o config-temp/qemu-conf.c
config-temp/qemu-conf.c:2:2: error: __FreeBSD_kernel__ not defined
#error __FreeBSD_kernel__ not defined
 ^
1 error generated.

funcs: do_compiler do_cc compile_object check_define main
lines: 145 177 549 589 0
cc -std=gnu11 -Wall -D_GNU_SOURCE -D_FILE_OFFSET_BITS=64 -D_LARGEFILE_SOURCE -Wstrict-prototypes -Wredundant-decls -Wundef -Wwrite-strings -Wmissing-prototypes -fno-strict-aliasing -fno-common -fwrapv -c -o config-temp/qemu-conf.o config-temp/qemu-conf.c
config-temp/qemu-conf.c:2:2: error: __DragonFly__ not defined
#error __DragonFly__ not defined
 ^
1 error generated.

funcs: do_compiler do_cc compile_object check_define main
lines: 145 177 549 591 0
cc -std=gnu11 -Wall -D_GNU_SOURCE -D_FILE_OFFSET_BITS=64 -D_LARGEFILE_SOURCE -Wstrict-prototypes -Wredundant-decls -Wundef -Wwrite-strings -Wmissing-prototypes -fno-strict-aliasing -fno-common -fwrapv -c -o config-temp/qemu-conf.o config-temp/qemu-conf.c
config-temp/qemu-conf.c:2:2: error: __NetBSD__ not defined
#error __NetBSD__ not defined
 ^
1 error generated.

funcs: do_compiler do_cc compile_object check_define main
lines: 145 177 549 593 0
cc -std=gnu11 -Wall -D_GNU_SOURCE -D_FILE_OFFSET_BITS=64 -D_LARGEFILE_SOURCE -Wstrict-prototypes -Wredundant-decls -Wundef -Wwrite-strings -Wmissing-prototypes -fno-strict-aliasing -fno-common -fwrapv -c -o config-temp/qemu-conf.o config-temp/qemu-conf.c

funcs: do_compiler do_cc compile_object check_define main
lines: 145 177 549 620 0
cc -std=gnu11 -Wall -D_GNU_SOURCE -D_FILE_OFFSET_BITS=64 -D_LARGEFILE_SOURCE -Wstrict-prototypes -Wredundant-decls -Wundef -Wwrite-strings -Wmissing-prototypes -fno-strict-aliasing -fno-common -fwrapv -c -o config-temp/qemu-conf.o config-temp/qemu-conf.c
config-temp/qemu-conf.c:2:2: error: __i386__ not defined
#error __i386__ not defined
 ^
1 error generated.

funcs: do_compiler do_cc compile_object check_define main
lines: 145 177 549 622 0
cc -std=gnu11 -Wall -D_GNU_SOURCE -D_FILE_OFFSET_BITS=64 -D_LARGEFILE_SOURCE -Wstrict-prototypes -Wredundant-decls -Wundef -Wwrite-strings -Wmissing-prototypes -fno-strict-aliasing -fno-common -fwrapv -c -o config-temp/qemu-conf.o config-temp/qemu-conf.c

funcs: do_compiler do_cc compile_object check_define main
lines: 145 177 549 623 0
cc -std=gnu11 -Wall -D_GNU_SOURCE -D_FILE_OFFSET_BITS=64 -D_LARGEFILE_SOURCE -Wstrict-prototypes -Wredundant-decls -Wundef -Wwrite-strings -Wmissing-prototypes -fno-strict-aliasing -fno-common -fwrapv -c -o config-temp/qemu-conf.o config-temp/qemu-conf.c
config-temp/qemu-conf.c:2:2: error: __ILP32__ not defined
#error __ILP32__ not defined
 ^
1 error generated.

funcs: do_compiler do_cc compile_object main
lines: 145 177 2066 0
cc -std=gnu11 -Wall -m64 -mcx16 -DOS_OBJECT_USE_OBJC=0 -D_GNU_SOURCE -D_FILE_OFFSET_BITS=64 -D_LARGEFILE_SOURCE -Wstrict-prototypes -Wredundant-decls -Wundef -Wwrite-strings -Wmissing-prototypes -fno-strict-aliasing -fno-common -fwrapv -c -o config-temp/qemu-conf.o config-temp/qemu-conf.c

funcs: do_compiler do_cc compile_prog main
lines: 145 183 2071 0
cc -std=gnu11 -Wall -m64 -mcx16 -DOS_OBJECT_USE_OBJC=0 -D_GNU_SOURCE -D_FILE_OFFSET_BITS=64 -D_LARGEFILE_SOURCE -Wstrict-prototypes -Wredundant-decls -Wundef -Wwrite-strings -Wmissing-prototypes -fno-strict-aliasing -fno-common -fwrapv -o config-temp/qemu-conf.exe config-temp/qemu-conf.c -m64

funcs: do_compiler do_cc compile_prog main
lines: 145 183 2115 0
cc -std=gnu11 -Wall -m64 -mcx16 -DOS_OBJECT_USE_OBJC=0 -D_GNU_SOURCE -D_FILE_OFFSET_BITS=64 -D_LARGEFILE_SOURCE -Wstrict-prototypes -Wredundant-decls -Wundef -Wwrite-strings -Wmissing-prototypes -fno-strict-aliasing -fno-common -fwrapv -o config-temp/qemu-conf.exe config-temp/qemu-conf.c -m64

funcs: do_compiler do_cc compile_prog cc_has_warning_flag main
lines: 145 183 2157 2161 0
cc -std=gnu11 -Wall -m64 -mcx16 -DOS_OBJECT_USE_OBJC=0 -D_GNU_SOURCE -D_FILE_OFFSET_BITS=64 -D_LARGEFILE_SOURCE -Wstrict-prototypes -Wredundant-decls -Wundef -Wwrite-strings -Wmissing-prototypes -fno-strict-aliasing -fno-common -fwrapv -Werror -Wold-style-declaration -o config-temp/qemu-conf.exe config-temp/qemu-conf.c -m64
error: unknown warning option '-Wold-style-declaration'; did you mean '-Wout-of-line-declaration'? [-Werror,-Wunknown-warning-option]

funcs: do_compiler do_cc compile_prog cc_has_warning_flag main
lines: 145 183 2157 2161 0
cc -std=gnu11 -Wall -m64 -mcx16 -DOS_OBJECT_USE_OBJC=0 -D_GNU_SOURCE -D_FILE_OFFSET_BITS=64 -D_LARGEFILE_SOURCE -Wstrict-prototypes -Wredundant-decls -Wundef -Wwrite-strings -Wmissing-prototypes -fno-strict-aliasing -fno-common -fwrapv -Werror -Wold-style-definition -o config-temp/qemu-conf.exe config-temp/qemu-conf.c -m64

funcs: do_compiler do_cc compile_prog cc_has_warning_flag main
lines: 145 183 2157 2161 0
cc -std=gnu11 -Wall -m64 -mcx16 -DOS_OBJECT_USE_OBJC=0 -D_GNU_SOURCE -D_FILE_OFFSET_BITS=64 -D_LARGEFILE_SOURCE -Wstrict-prototypes -Wredundant-decls -Wundef -Wwrite-strings -Wmissing-prototypes -fno-strict-aliasing -fno-common -fwrapv -Wold-style-definition -Werror -Wtype-limits -o config-temp/qemu-conf.exe config-temp/qemu-conf.c -m64

funcs: do_compiler do_cc compile_prog cc_has_warning_flag main
lines: 145 183 2157 2161 0
cc -std=gnu11 -Wall -m64 -mcx16 -DOS_OBJECT_USE_OBJC=0 -D_GNU_SOURCE -D_FILE_OFFSET_BITS=64 -D_LARGEFILE_SOURCE -Wstrict-prototypes -Wredundant-decls -Wundef -Wwrite-strings -Wmissing-prototypes -fno-strict-aliasing -fno-common -fwrapv -Wold-style-definition -Wtype-limits -Werror -Wformat-security -o config-temp/qemu-conf.exe config-temp/qemu-conf.c -m64

funcs: do_compiler do_cc compile_prog cc_has_warning_flag main
lines: 145 183 2157 2161 0
cc -std=gnu11 -Wall -m64 -mcx16 -DOS_OBJECT_USE_OBJC=0 -D_GNU_SOURCE -D_FILE_OFFSET_BITS=64 -D_LARGEFILE_SOURCE -Wstrict-prototypes -Wredundant-decls -Wundef -Wwrite-strings -Wmissing-prototypes -fno-strict-aliasing -fno-common -fwrapv -Wold-style-definition -Wtype-limits -Wformat-security -Werror -Wformat-y2k -o config-temp/qemu-conf.exe config-temp/qemu-conf.c -m64

funcs: do_compiler do_cc compile_prog cc_has_warning_flag main
lines: 145 183 2157 2161 0
cc -std=gnu11 -Wall -m64 -mcx16 -DOS_OBJECT_USE_OBJC=0 -D_GNU_SOURCE -D_FILE_OFFSET_BITS=64 -D_LARGEFILE_SOURCE -Wstrict-prototypes -Wredundant-decls -Wundef -Wwrite-strings -Wmissing-prototypes -fno-strict-aliasing -fno-common -fwrapv -Wold-style-definition -Wtype-limits -Wformat-security -Wformat-y2k -Werror -Winit-self -o config-temp/qemu-conf.exe config-temp/qemu-conf.c -m64

funcs: do_compiler do_cc compile_prog cc_has_warning_flag main
lines: 145 183 2157 2161 0
cc -std=gnu11 -Wall -m64 -mcx16 -DOS_OBJECT_USE_OBJC=0 -D_GNU_SOURCE -D_FILE_OFFSET_BITS=64 -D_LARGEFILE_SOURCE -Wstrict-prototypes -Wredundant-decls -Wundef -Wwrite-strings -Wmissing-prototypes -fno-strict-aliasing -fno-common -fwrapv -Wold-style-definition -Wtype-limits -Wformat-security -Wformat-y2k -Winit-self -Werror -Wignored-qualifiers -o config-temp/qemu-conf.exe config-temp/qemu-conf.c -m64

funcs: do_compiler do_cc compile_prog cc_has_warning_flag main
lines: 145 183 2157 2161 0
cc -std=gnu11 -Wall -m64 -mcx16 -DOS_OBJECT_USE_OBJC=0 -D_GNU_SOURCE -D_FILE_OFFSET_BITS=64 -D_LARGEFILE_SOURCE -Wstrict-prototypes -Wredundant-decls -Wundef -Wwrite-strings -Wmissing-prototypes -fno-strict-aliasing -fno-common -fwrapv -Wold-style-definition -Wtype-limits -Wformat-security -Wformat-y2k -Winit-self -Wignored-qualifiers -Werror -Wempty-body -o config-temp/qemu-conf.exe config-temp/qemu-conf.c -m64

funcs: do_compiler do_cc compile_prog cc_has_warning_flag main
lines: 145 183 2157 2161 0
cc -std=gnu11 -Wall -m64 -mcx16 -DOS_OBJECT_USE_OBJC=0 -D_GNU_SOURCE -D_FILE_OFFSET_BITS=64 -D_LARGEFILE_SOURCE -Wstrict-prototypes -Wredundant-decls -Wundef -Wwrite-strings -Wmissing-prototypes -fno-strict-aliasing -fno-common -fwrapv -Wold-style-definition -Wtype-limits -Wformat-security -Wformat-y2k -Winit-self -Wignored-qualifiers -Wempty-body -Werror -Wnested-externs -o config-temp/qemu-conf.exe config-temp/qemu-conf.c -m64

funcs: do_compiler do_cc compile_prog cc_has_warning_flag main
lines: 145 183 2157 2161 0
cc -std=gnu11 -Wall -m64 -mcx16 -DOS_OBJECT_USE_OBJC=0 -D_GNU_SOURCE -D_FILE_OFFSET_BITS=64 -D_LARGEFILE_SOURCE -Wstrict-prototypes -Wredundant-decls -Wundef -Wwrite-strings -Wmissing-prototypes -fno-strict-aliasing -fno-common -fwrapv -Wold-style-definition -Wtype-limits -Wformat-security -Wformat-y2k -Winit-self -Wignored-qualifiers -Wempty-body -Wnested-externs -Werror -Wendif-labels -o config-temp/qemu-conf.exe config-temp/qemu-conf.c -m64

funcs: do_compiler do_cc compile_prog cc_has_warning_flag main
lines: 145 183 2157 2161 0
cc -std=gnu11 -Wall -m64 -mcx16 -DOS_OBJECT_USE_OBJC=0 -D_GNU_SOURCE -D_FILE_OFFSET_BITS=64 -D_LARGEFILE_SOURCE -Wstrict-prototypes -Wredundant-decls -Wundef -Wwrite-strings -Wmissing-prototypes -fno-strict-aliasing -fno-common -fwrapv -Wold-style-definition -Wtype-limits -Wformat-security -Wformat-y2k -Winit-self -Wignored-qualifiers -Wempty-body -Wnested-externs -Wendif-labels -Werror -Wexpansion-to-defined -o config-temp/qemu-conf.exe config-temp/qemu-conf.c -m64

funcs: do_compiler do_cc compile_prog cc_has_warning_flag main
lines: 145 183 2157 2161 0
cc -std=gnu11 -Wall -m64 -mcx16 -DOS_OBJECT_USE_OBJC=0 -D_GNU_SOURCE -D_FILE_OFFSET_BITS=64 -D_LARGEFILE_SOURCE -Wstrict-prototypes -Wredundant-decls -Wundef -Wwrite-strings -Wmissing-prototypes -fno-strict-aliasing -fno-common -fwrapv -Wold-style-definition -Wtype-limits -Wformat-security -Wformat-y2k -Winit-self -Wignored-qualifiers -Wempty-body -Wnested-externs -Wendif-labels -Wexpansion-to-defined -Werror -Wimplicit-fallthrough=2 -o config-temp/qemu-conf.exe config-temp/qemu-conf.c -m64
error: unknown warning option '-Wimplicit-fallthrough=2'; did you mean '-Wimplicit-fallthrough'? [-Werror,-Wunknown-warning-option]

funcs: do_compiler do_cc compile_prog cc_has_warning_flag main
lines: 145 183 2157 2161 0
cc -std=gnu11 -Wall -m64 -mcx16 -DOS_OBJECT_USE_OBJC=0 -D_GNU_SOURCE -D_FILE_OFFSET_BITS=64 -D_LARGEFILE_SOURCE -Wstrict-prototypes -Wredundant-decls -Wundef -Wwrite-strings -Wmissing-prototypes -fno-strict-aliasing -fno-common -fwrapv -Wold-style-definition -Wtype-limits -Wformat-security -Wformat-y2k -Winit-self -Wignored-qualifiers -Wempty-body -Wnested-externs -Wendif-labels -Wexpansion-to-defined -Werror -Winitializer-overrides -o config-temp/qemu-conf.exe config-temp/qemu-conf.c -m64

funcs: do_compiler do_cc compile_prog cc_has_warning_flag main
lines: 145 183 2157 2161 0
cc -std=gnu11 -Wall -m64 -mcx16 -DOS_OBJECT_USE_OBJC=0 -D_GNU_SOURCE -D_FILE_OFFSET_BITS=64 -D_LARGEFILE_SOURCE -Wstrict-prototypes -Wredundant-decls -Wundef -Wwrite-strings -Wmissing-prototypes -fno-strict-aliasing -fno-common -fwrapv -Wold-style-definition -Wtype-limits -Wformat-security -Wformat-y2k -Winit-self -Wignored-qualifiers -Wempty-body -Wnested-externs -Wendif-labels -Wexpansion-to-defined -Wno-initializer-overrides -Werror -Wmissing-include-dirs -o config-temp/qemu-conf.exe config-temp/qemu-conf.c -m64

funcs: do_compiler do_cc compile_prog cc_has_warning_flag main
lines: 145 183 2157 2161 0
cc -std=gnu11 -Wall -m64 -mcx16 -DOS_OBJECT_USE_OBJC=0 -D_GNU_SOURCE -D_FILE_OFFSET_BITS=64 -D_LARGEFILE_SOURCE -Wstrict-prototypes -Wredundant-decls -Wundef -Wwrite-strings -Wmissing-prototypes -fno-strict-aliasing -fno-common -fwrapv -Wold-style-definition -Wtype-limits -Wformat-security -Wformat-y2k -Winit-self -Wignored-qualifiers -Wempty-body -Wnested-externs -Wendif-labels -Wexpansion-to-defined -Wno-initializer-overrides -Wno-missing-include-dirs -Werror -Wshift-negative-value -o config-temp/qemu-conf.exe config-temp/qemu-conf.c -m64

funcs: do_compiler do_cc compile_prog cc_has_warning_flag main
lines: 145 183 2157 2161 0
cc -std=gnu11 -Wall -m64 -mcx16 -DOS_OBJECT_USE_OBJC=0 -D_GNU_SOURCE -D_FILE_OFFSET_BITS=64 -D_LARGEFILE_SOURCE -Wstrict-prototypes -Wredundant-decls -Wundef -Wwrite-strings -Wmissing-prototypes -fno-strict-aliasing -fno-common -fwrapv -Wold-style-definition -Wtype-limits -Wformat-security -Wformat-y2k -Winit-self -Wignored-qualifiers -Wempty-body -Wnested-externs -Wendif-labels -Wexpansion-to-defined -Wno-initializer-overrides -Wno-missing-include-dirs -Wno-shift-negative-value -Werror -Wstring-plus-int -o config-temp/qemu-conf.exe config-temp/qemu-conf.c -m64

funcs: do_compiler do_cc compile_prog cc_has_warning_flag main
lines: 145 183 2157 2161 0
cc -std=gnu11 -Wall -m64 -mcx16 -DOS_OBJECT_USE_OBJC=0 -D_GNU_SOURCE -D_FILE_OFFSET_BITS=64 -D_LARGEFILE_SOURCE -Wstrict-prototypes -Wredundant-decls -Wundef -Wwrite-strings -Wmissing-prototypes -fno-strict-aliasing -fno-common -fwrapv -Wold-style-definition -Wtype-limits -Wformat-security -Wformat-y2k -Winit-self -Wignored-qualifiers -Wempty-body -Wnested-externs -Wendif-labels -Wexpansion-to-defined -Wno-initializer-overrides -Wno-missing-include-dirs -Wno-shift-negative-value -Wno-string-plus-int -Werror -Wtypedef-redefinition -o config-temp/qemu-conf.exe config-temp/qemu-conf.c -m64

funcs: do_compiler do_cc compile_prog cc_has_warning_flag main
lines: 145 183 2157 2161 0
cc -std=gnu11 -Wall -m64 -mcx16 -DOS_OBJECT_USE_OBJC=0 -D_GNU_SOURCE -D_FILE_OFFSET_BITS=64 -D_LARGEFILE_SOURCE -Wstrict-prototypes -Wredundant-decls -Wundef -Wwrite-strings -Wmissing-prototypes -fno-strict-aliasing -fno-common -fwrapv -Wold-style-definition -Wtype-limits -Wformat-security -Wformat-y2k -Winit-self -Wignored-qualifiers -Wempty-body -Wnested-externs -Wendif-labels -Wexpansion-to-defined -Wno-initializer-overrides -Wno-missing-include-dirs -Wno-shift-negative-value -Wno-string-plus-int -Wno-typedef-redefinition -Werror -Wtautological-type-limit-compare -o config-temp/qemu-conf.exe config-temp/qemu-conf.c -m64

funcs: do_compiler do_cc compile_prog cc_has_warning_flag main
lines: 145 183 2157 2161 0
cc -std=gnu11 -Wall -m64 -mcx16 -DOS_OBJECT_USE_OBJC=0 -D_GNU_SOURCE -D_FILE_OFFSET_BITS=64 -D_LARGEFILE_SOURCE -Wstrict-prototypes -Wredundant-decls -Wundef -Wwrite-strings -Wmissing-prototypes -fno-strict-aliasing -fno-common -fwrapv -Wold-style-definition -Wtype-limits -Wformat-security -Wformat-y2k -Winit-self -Wignored-qualifiers -Wempty-body -Wnested-externs -Wendif-labels -Wexpansion-to-defined -Wno-initializer-overrides -Wno-missing-include-dirs -Wno-shift-negative-value -Wno-string-plus-int -Wno-typedef-redefinition -Wno-tautological-type-limit-compare -Werror -Wpsabi -o config-temp/qemu-conf.exe config-temp/qemu-conf.c -m64

funcs: do_compiler do_cc compile_object main
lines: 145 177 2182 0
cc -std=gnu11 -Wall -m64 -mcx16 -DOS_OBJECT_USE_OBJC=0 -D_GNU_SOURCE -D_FILE_OFFSET_BITS=64 -D_LARGEFILE_SOURCE -Wstrict-prototypes -Wredundant-decls -Wundef -Wwrite-strings -Wmissing-prototypes -fno-strict-aliasing -fno-common -fwrapv -Wold-style-definition -Wtype-limits -Wformat-security -Wformat-y2k -Winit-self -Wignored-qualifiers -Wempty-body -Wnested-externs -Wendif-labels -Wexpansion-to-defined -Wno-initializer-overrides -Wno-missing-include-dirs -Wno-shift-negative-value -Wno-string-plus-int -Wno-typedef-redefinition -Wno-tautological-type-limit-compare -Wno-psabi -Werror -fstack-protector-strong -c -o config-temp/qemu-conf.o config-temp/qemu-conf.c

funcs: do_compiler do_cc compile_prog main
lines: 145 183 2183 0
cc -std=gnu11 -Wall -m64 -mcx16 -DOS_OBJECT_USE_OBJC=0 -D_GNU_SOURCE -D_FILE_OFFSET_BITS=64 -D_LARGEFILE_SOURCE -Wstrict-prototypes -Wredundant-decls -Wundef -Wwrite-strings -Wmissing-prototypes -fno-strict-aliasing -fno-common -fwrapv -Wold-style-definition -Wtype-limits -Wformat-security -Wformat-y2k -Winit-self -Wignored-qualifiers -Wempty-body -Wnested-externs -Wendif-labels -Wexpansion-to-defined -Wno-initializer-overrides -Wno-missing-include-dirs -Wno-shift-negative-value -Wno-string-plus-int -Wno-typedef-redefinition -Wno-tautological-type-limit-compare -Wno-psabi -Werror -fstack-protector-strong -o config-temp/qemu-conf.exe config-temp/qemu-conf.c -m64

funcs: do_compiler do_cc compile_object main
lines: 145 177 2204 0
cc -std=gnu11 -Wall -m64 -mcx16 -DOS_OBJECT_USE_OBJC=0 -D_GNU_SOURCE -D_FILE_OFFSET_BITS=64 -D_LARGEFILE_SOURCE -Wstrict-prototypes -Wredundant-decls -Wundef -Wwrite-strings -Wmissing-prototypes -fno-strict-aliasing -fno-common -fwrapv -Wold-style-definition -Wtype-limits -Wformat-security -Wformat-y2k -Winit-self -Wignored-qualifiers -Wempty-body -Wnested-externs -Wendif-labels -Wexpansion-to-defined -Wno-initializer-overrides -Wno-missing-include-dirs -Wno-shift-negative-value -Wno-string-plus-int -Wno-typedef-redefinition -Wno-tautological-type-limit-compare -Wno-psabi -fstack-protector-strong -Werror -c -o config-temp/qemu-conf.o config-temp/qemu-conf.c

funcs: do_compiler do_cc compile_prog main
lines: 145 183 2238 0
cc -std=gnu11 -Wall -m64 -mcx16 -DOS_OBJECT_USE_OBJC=0 -D_GNU_SOURCE -D_FILE_OFFSET_BITS=64 -D_LARGEFILE_SOURCE -Wstrict-prototypes -Wredundant-decls -Wundef -Wwrite-strings -Wmissing-prototypes -fno-strict-aliasing -fno-common -fwrapv -Wold-style-definition -Wtype-limits -Wformat-security -Wformat-y2k -Winit-self -Wignored-qualifiers -Wempty-body -Wnested-externs -Wendif-labels -Wexpansion-to-defined -Wno-initializer-overrides -Wno-missing-include-dirs -Wno-shift-negative-value -Wno-string-plus-int -Wno-typedef-redefinition -Wno-tautological-type-limit-compare -Wno-psabi -fstack-protector-strong -Werror -o config-temp/qemu-conf.exe config-temp/qemu-conf.c -m64 -fstack-protector-strong

funcs: do_compiler do_cc compile_prog main
lines: 145 183 2256 0
cc -std=gnu11 -Wall -m64 -mcx16 -DOS_OBJECT_USE_OBJC=0 -D_GNU_SOURCE -D_FILE_OFFSET_BITS=64 -D_LARGEFILE_SOURCE -Wstrict-prototypes -Wredundant-decls -Wundef -Wwrite-strings -Wmissing-prototypes -fno-strict-aliasing -fno-common -fwrapv -Wold-style-definition -Wtype-limits -Wformat-security -Wformat-y2k -Winit-self -Wignored-qualifiers -Wempty-body -Wnested-externs -Wendif-labels -Wexpansion-to-defined -Wno-initializer-overrides -Wno-missing-include-dirs -Wno-shift-negative-value -Wno-string-plus-int -Wno-typedef-redefinition -Wno-tautological-type-limit-compare -Wno-psabi -fstack-protector-strong -Werror -fno-pie -o config-temp/qemu-conf.exe config-temp/qemu-conf.c -m64 -fstack-protector-strong -no-pie
clang: error: argument unused during compilation: '-no-pie' [-Werror,-Wunused-command-line-argument]

funcs: do_compiler do_cc compile_prog main
lines: 145 183 2275 0
cc -std=gnu11 -Wall -m64 -mcx16 -DOS_OBJECT_USE_OBJC=0 -D_GNU_SOURCE -D_FILE_OFFSET_BITS=64 -D_LARGEFILE_SOURCE -Wstrict-prototypes -Wredundant-decls -Wundef -Wwrite-strings -Wmissing-prototypes -fno-strict-aliasing -fno-common -fwrapv -Wold-style-definition -Wtype-limits -Wformat-security -Wformat-y2k -Winit-self -Wignored-qualifiers -Wempty-body -Wnested-externs -Wendif-labels -Wexpansion-to-defined -Wno-initializer-overrides -Wno-missing-include-dirs -Wno-shift-negative-value -Wno-string-plus-int -Wno-typedef-redefinition -Wno-tautological-type-limit-compare -Wno-psabi -fstack-protector-strong -Werror -fPIE -DPIE -o config-temp/qemu-conf.exe config-temp/qemu-conf.c -m64 -fstack-protector-strong -pie
clang: error: argument unused during compilation: '-pie' [-Werror,-Wunused-command-line-argument]

funcs: do_compiler do_cc compile_prog main
lines: 145 183 2288 0
cc -std=gnu11 -Wall -m64 -mcx16 -DOS_OBJECT_USE_OBJC=0 -D_GNU_SOURCE -D_FILE_OFFSET_BITS=64 -D_LARGEFILE_SOURCE -Wstrict-prototypes -Wredundant-decls -Wundef -Wwrite-strings -Wmissing-prototypes -fno-strict-aliasing -fno-common -fwrapv -Wold-style-definition -Wtype-limits -Wformat-security -Wformat-y2k -Winit-self -Wignored-qualifiers -Wempty-body -Wnested-externs -Wendif-labels -Wexpansion-to-defined -Wno-initializer-overrides -Wno-missing-include-dirs -Wno-shift-negative-value -Wno-string-plus-int -Wno-typedef-redefinition -Wno-tautological-type-limit-compare -Wno-psabi -fstack-protector-strong -o config-temp/qemu-conf.exe config-temp/qemu-conf.c -m64 -fstack-protector-strong -Wl,-z,relro -Wl,-z,now
ld: unknown options: -z -z 
clang: error: linker command failed with exit code 1 (use -v to see invocation)

funcs: do_compiler do_cc compile_prog main
lines: 145 183 2395 0
cc -std=gnu11 -Wall -m64 -mcx16 -DOS_OBJECT_USE_OBJC=0 -D_GNU_SOURCE -D_FILE_OFFSET_BITS=64 -D_LARGEFILE_SOURCE -Wstrict-prototypes -Wredundant-decls -Wundef -Wwrite-strings -Wmissing-prototypes -fno-strict-aliasing -fno-common -fwrapv -Wold-style-definition -Wtype-limits -Wformat-security -Wformat-y2k -Winit-self -Wignored-qualifiers -Wempty-body -Wnested-externs -Wendif-labels -Wexpansion-to-defined -Wno-initializer-overrides -Wno-missing-include-dirs -Wno-shift-negative-value -Wno-string-plus-int -Wno-typedef-redefinition -Wno-tautological-type-limit-compare -Wno-psabi -fstack-protector-strong -o config-temp/qemu-conf.exe config-temp/qemu-conf.c -m64 -fstack-protector-strong

funcs: do_compiler do_cc compile_prog main
lines: 145 183 2433 0
cc -std=gnu11 -Wall -m64 -mcx16 -DOS_OBJECT_USE_OBJC=0 -D_GNU_SOURCE -D_FILE_OFFSET_BITS=64 -D_LARGEFILE_SOURCE -Wstrict-prototypes -Wredundant-decls -Wundef -Wwrite-strings -Wmissing-prototypes -fno-strict-aliasing -fno-common -fwrapv -Wold-style-definition -Wtype-limits -Wformat-security -Wformat-y2k -Winit-self -Wignored-qualifiers -Wempty-body -Wnested-externs -Wendif-labels -Wexpansion-to-defined -Wno-initializer-overrides -Wno-missing-include-dirs -Wno-shift-negative-value -Wno-string-plus-int -Wno-typedef-redefinition -Wno-tautological-type-limit-compare -Wno-psabi -fstack-protector-strong -o config-temp/qemu-conf.exe config-temp/qemu-conf.c -m64 -fstack-protector-strong
config-temp/qemu-conf.c:2:10: fatal error: 'linux/ip.h' file not found
#include <linux/ip.h>
         ^~~~~~~~~~~~
1 error generated.

funcs: do_compiler do_cc compile_prog main
lines: 145 183 2445 0
cc -std=gnu11 -Wall -m64 -mcx16 -DOS_OBJECT_USE_OBJC=0 -D_GNU_SOURCE -D_FILE_OFFSET_BITS=64 -D_LARGEFILE_SOURCE -Wstrict-prototypes -Wredundant-decls -Wundef -Wwrite-strings -Wmissing-prototypes -fno-strict-aliasing -fno-common -fwrapv -Wold-style-definition -Wtype-limits -Wformat-security -Wformat-y2k -Winit-self -Wignored-qualifiers -Wempty-body -Wnested-externs -Wendif-labels -Wexpansion-to-defined -Wno-initializer-overrides -Wno-missing-include-dirs -Wno-shift-negative-value -Wno-string-plus-int -Wno-typedef-redefinition -Wno-tautological-type-limit-compare -Wno-psabi -fstack-protector-strong -o config-temp/qemu-conf.exe config-temp/qemu-conf.c -m64 -fstack-protector-strong

funcs: do_compiler do_cc compile_prog main
lines: 145 183 2843 0
cc -std=gnu11 -Wall -m64 -mcx16 -DOS_OBJECT_USE_OBJC=0 -D_GNU_SOURCE -D_FILE_OFFSET_BITS=64 -D_LARGEFILE_SOURCE -Wstrict-prototypes -Wredundant-decls -Wundef -Wwrite-strings -Wmissing-prototypes -fno-strict-aliasing -fno-common -fwrapv -Wold-style-definition -Wtype-limits -Wformat-security -Wformat-y2k -Winit-self -Wignored-qualifiers -Wempty-body -Wnested-externs -Wendif-labels -Wexpansion-to-defined -Wno-initializer-overrides -Wno-missing-include-dirs -Wno-shift-negative-value -Wno-string-plus-int -Wno-typedef-redefinition -Wno-tautological-type-limit-compare -Wno-psabi -fstack-protector-strong -o config-temp/qemu-conf.exe config-temp/qemu-conf.c -m64 -fstack-protector-strong -lrdmacm -libverbs -libumad
config-temp/qemu-conf.c:1:10: fatal error: 'rdma/rdma_cma.h' file not found
#include <rdma/rdma_cma.h>
         ^~~~~~~~~~~~~~~~~
1 error generated.

funcs: do_compiler do_cc compile_prog main
lines: 145 183 2941 0
cc -std=gnu11 -Wall -m64 -mcx16 -DOS_OBJECT_USE_OBJC=0 -D_GNU_SOURCE -D_FILE_OFFSET_BITS=64 -D_LARGEFILE_SOURCE -Wstrict-prototypes -Wredundant-decls -Wundef -Wwrite-strings -Wmissing-prototypes -fno-strict-aliasing -fno-common -fwrapv -Wold-style-definition -Wtype-limits -Wformat-security -Wformat-y2k -Winit-self -Wignored-qualifiers -Wempty-body -Wnested-externs -Wendif-labels -Wexpansion-to-defined -Wno-initializer-overrides -Wno-missing-include-dirs -Wno-shift-negative-value -Wno-string-plus-int -Wno-typedef-redefinition -Wno-tautological-type-limit-compare -Wno-psabi -fstack-protector-strong -o config-temp/qemu-conf.exe config-temp/qemu-conf.c -m64 -fstack-protector-strong
config-temp/qemu-conf.c:2:10: fatal error: 'xfs/xfs.h' file not found
#include <xfs/xfs.h>
         ^~~~~~~~~~~
1 error generated.

funcs: do_compiler do_cc compile_prog main
lines: 145 183 2965 0
cc -std=gnu11 -Wall -m64 -mcx16 -DOS_OBJECT_USE_OBJC=0 -D_GNU_SOURCE -D_FILE_OFFSET_BITS=64 -D_LARGEFILE_SOURCE -Wstrict-prototypes -Wredundant-decls -Wundef -Wwrite-strings -Wmissing-prototypes -fno-strict-aliasing -fno-common -fwrapv -Wold-style-definition -Wtype-limits -Wformat-security -Wformat-y2k -Winit-self -Wignored-qualifiers -Wempty-body -Wnested-externs -Wendif-labels -Wexpansion-to-defined -Wno-initializer-overrides -Wno-missing-include-dirs -Wno-shift-negative-value -Wno-string-plus-int -Wno-typedef-redefinition -Wno-tautological-type-limit-compare -Wno-psabi -fstack-protector-strong -o config-temp/qemu-conf.exe config-temp/qemu-conf.c -m64 -fstack-protector-strong -lvdeplug
config-temp/qemu-conf.c:1:10: fatal error: 'libvdeplug.h' file not found
#include <libvdeplug.h>
         ^~~~~~~~~~~~~~
1 error generated.

funcs: do_compiler do_cc compile_prog main
lines: 145 183 3014 0
cc -std=gnu11 -Wall -m64 -mcx16 -DOS_OBJECT_USE_OBJC=0 -D_GNU_SOURCE -D_FILE_OFFSET_BITS=64 -D_LARGEFILE_SOURCE -Wstrict-prototypes -Wredundant-decls -Wundef -Wwrite-strings -Wmissing-prototypes -fno-strict-aliasing -fno-common -fwrapv -Wold-style-definition -Wtype-limits -Wformat-security -Wformat-y2k -Winit-self -Wignored-qualifiers -Wempty-body -Wnested-externs -Wendif-labels -Wexpansion-to-defined -Wno-initializer-overrides -Wno-missing-include-dirs -Wno-shift-negative-value -Wno-string-plus-int -Wno-typedef-redefinition -Wno-tautological-type-limit-compare -Wno-psabi -fstack-protector-strong -o config-temp/qemu-conf.exe config-temp/qemu-conf.c -m64 -fstack-protector-strong -framework CoreAudio

funcs: do_compiler do_cc compile_prog main
lines: 145 183 3159 0
cc -std=gnu11 -Wall -m64 -mcx16 -DOS_OBJECT_USE_OBJC=0 -D_GNU_SOURCE -D_FILE_OFFSET_BITS=64 -D_LARGEFILE_SOURCE -Wstrict-prototypes -Wredundant-decls -Wundef -Wwrite-strings -Wmissing-prototypes -fno-strict-aliasing -fno-common -fwrapv -Wold-style-definition -Wtype-limits -Wformat-security -Wformat-y2k -Winit-self -Wignored-qualifiers -Wempty-body -Wnested-externs -Wendif-labels -Wexpansion-to-defined -Wno-initializer-overrides -Wno-missing-include-dirs -Wno-shift-negative-value -Wno-string-plus-int -Wno-typedef-redefinition -Wno-tautological-type-limit-compare -Wno-psabi -fstack-protector-strong -o config-temp/qemu-conf.exe config-temp/qemu-conf.c -m64 -fstack-protector-strong -Wl,--dynamic-list=config-temp/qemu-conf.txt
ld: unknown options: --dynamic-list=config-temp/qemu-conf.txt 
clang: error: linker command failed with exit code 1 (use -v to see invocation)

funcs: do_compiler do_cc compile_prog main
lines: 145 183 3171 0
cc -std=gnu11 -Wall -m64 -mcx16 -DOS_OBJECT_USE_OBJC=0 -D_GNU_SOURCE -D_FILE_OFFSET_BITS=64 -D_LARGEFILE_SOURCE -Wstrict-prototypes -Wredundant-decls -Wundef -Wwrite-strings -Wmissing-prototypes -fno-strict-aliasing -fno-common -fwrapv -Wold-style-definition -Wtype-limits -Wformat-security -Wformat-y2k -Winit-self -Wignored-qualifiers -Wempty-body -Wnested-externs -Wendif-labels -Wexpansion-to-defined -Wno-initializer-overrides -Wno-missing-include-dirs -Wno-shift-negative-value -Wno-string-plus-int -Wno-typedef-redefinition -Wno-tautological-type-limit-compare -Wno-psabi -fstack-protector-strong -o config-temp/qemu-conf.exe config-temp/qemu-conf.c -m64 -fstack-protector-strong -Wl,-exported_symbols_list,config-temp/qemu-conf.txt

funcs: do_compiler do_cc compile_prog main
lines: 145 183 3239 0
cc -std=gnu11 -Wall -m64 -mcx16 -DOS_OBJECT_USE_OBJC=0 -D_GNU_SOURCE -D_FILE_OFFSET_BITS=64 -D_LARGEFILE_SOURCE -Wstrict-prototypes -Wredundant-decls -Wundef -Wwrite-strings -Wmissing-prototypes -fno-strict-aliasing -fno-common -fwrapv -Wold-style-definition -Wtype-limits -Wformat-security -Wformat-y2k -Winit-self -Wignored-qualifiers -Wempty-body -Wnested-externs -Wendif-labels -Wexpansion-to-defined -Wno-initializer-overrides -Wno-missing-include-dirs -Wno-shift-negative-value -Wno-string-plus-int -Wno-typedef-redefinition -Wno-tautological-type-limit-compare -Wno-psabi -fstack-protector-strong -I/usr/local/Cellar/glib/2.78.4/include -I/usr/local/Cellar/glib/2.78.4/include/glib-2.0 -I/usr/local/Cellar/glib/2.78.4/lib/glib-2.0/include -I/usr/local/opt/gettext/include -I/usr/local/Cellar/pcre2/10.42/include -I/Library/Developer/CommandLineTools/SDKs/MacOSX12.sdk/usr/include/ffi -o config-temp/qemu-conf.exe config-temp/qemu-conf.c -m64 -fstack-protector-strong -L/usr/local/Cellar/glib/2.78.4/lib -L/usr/local/opt/gettext/lib -lgio-2.0 -lgobject-2.0 -lglib-2.0 -lintl

funcs: do_compiler do_cc compile_prog main
lines: 145 183 3280 0
cc -std=gnu11 -Wall -m64 -mcx16 -DOS_OBJECT_USE_OBJC=0 -D_GNU_SOURCE -D_FILE_OFFSET_BITS=64 -D_LARGEFILE_SOURCE -Wstrict-prototypes -Wredundant-decls -Wundef -Wwrite-strings -Wmissing-prototypes -fno-strict-aliasing -fno-common -fwrapv -Wold-style-definition -Wtype-limits -Wformat-security -Wformat-y2k -Winit-self -Wignored-qualifiers -Wempty-body -Wnested-externs -Wendif-labels -Wexpansion-to-defined -Wno-initializer-overrides -Wno-missing-include-dirs -Wno-shift-negative-value -Wno-string-plus-int -Wno-typedef-redefinition -Wno-tautological-type-limit-compare -Wno-psabi -fstack-protector-strong -I/usr/local/Cellar/glib/2.78.4/include -I/usr/local/Cellar/glib/2.78.4/include/glib-2.0 -I/usr/local/Cellar/glib/2.78.4/lib/glib-2.0/include -I/usr/local/opt/gettext/include -I/usr/local/Cellar/pcre2/10.42/include -o config-temp/qemu-conf.exe config-temp/qemu-conf.c -m64 -fstack-protector-strong -L/usr/local/Cellar/glib/2.78.4/lib -L/usr/local/opt/gettext/lib -lgmodule-2.0 -lglib-2.0 -lintl

funcs: do_compiler do_cc compile_prog main
lines: 145 183 3300 0
cc -std=gnu11 -Wall -m64 -mcx16 -DOS_OBJECT_USE_OBJC=0 -D_GNU_SOURCE -D_FILE_OFFSET_BITS=64 -D_LARGEFILE_SOURCE -Wstrict-prototypes -Wredundant-decls -Wundef -Wwrite-strings -Wmissing-prototypes -fno-strict-aliasing -fno-common -fwrapv -Wold-style-definition -Wtype-limits -Wformat-security -Wformat-y2k -Winit-self -Wignored-qualifiers -Wempty-body -Wnested-externs -Wendif-labels -Wexpansion-to-defined -Wno-initializer-overrides -Wno-missing-include-dirs -Wno-shift-negative-value -Wno-string-plus-int -Wno-typedef-redefinition -Wno-tautological-type-limit-compare -Wno-psabi -fstack-protector-strong -I/usr/local/Cellar/glib/2.78.4/include -I/usr/local/Cellar/glib/2.78.4/include/glib-2.0 -I/usr/local/Cellar/glib/2.78.4/lib/glib-2.0/include -I/usr/local/opt/gettext/include -I/usr/local/Cellar/pcre2/10.42/include -Werror -o config-temp/qemu-conf.exe config-temp/qemu-conf.c -m64 -fstack-protector-strong -L/usr/local/Cellar/glib/2.78.4/lib -L/usr/local/opt/gettext/lib -lgmodule-2.0 -lglib-2.0 -lintl

funcs: do_compiler do_cc compile_prog main
lines: 145 183 3336 0
cc -std=gnu11 -Wall -m64 -mcx16 -DOS_OBJECT_USE_OBJC=0 -D_GNU_SOURCE -D_FILE_OFFSET_BITS=64 -D_LARGEFILE_SOURCE -Wstrict-prototypes -Wredundant-decls -Wundef -Wwrite-strings -Wmissing-prototypes -fno-strict-aliasing -fno-common -fwrapv -Wold-style-definition -Wtype-limits -Wformat-security -Wformat-y2k -Winit-self -Wignored-qualifiers -Wempty-body -Wnested-externs -Wendif-labels -Wexpansion-to-defined -Wno-initializer-overrides -Wno-missing-include-dirs -Wno-shift-negative-value -Wno-string-plus-int -Wno-typedef-redefinition -Wno-tautological-type-limit-compare -Wno-psabi -fstack-protector-strong -o config-temp/qemu-conf.exe config-temp/qemu-conf.c -m64 -fstack-protector-strong

funcs: do_compiler do_cc compile_prog main
lines: 145 183 3366 0
cc -std=gnu11 -Wall -m64 -mcx16 -DOS_OBJECT_USE_OBJC=0 -D_GNU_SOURCE -D_FILE_OFFSET_BITS=64 -D_LARGEFILE_SOURCE -Wstrict-prototypes -Wredundant-decls -Wundef -Wwrite-strings -Wmissing-prototypes -fno-strict-aliasing -fno-common -fwrapv -Wold-style-definition -Wtype-limits -Wformat-security -Wformat-y2k -Winit-self -Wignored-qualifiers -Wempty-body -Wnested-externs -Wendif-labels -Wexpansion-to-defined -Wno-initializer-overrides -Wno-missing-include-dirs -Wno-shift-negative-value -Wno-string-plus-int -Wno-typedef-redefinition -Wno-tautological-type-limit-compare -Wno-psabi -fstack-protector-strong -o config-temp/qemu-conf.exe config-temp/qemu-conf.c -m64 -fstack-protector-strong
config-temp/qemu-conf.c:8:32: error: too many arguments to function call, expected 1, have 2
    pthread_setname_np(thread, "QEMU");
    ~~~~~~~~~~~~~~~~~~         ^~~~~~
/Library/Developer/CommandLineTools/SDKs/MacOSX.sdk/usr/include/pthread.h:535:5: note: 'pthread_setname_np' declared here
int     pthread_setname_np(const char*);
        ^
1 error generated.

funcs: do_compiler do_cc compile_prog main
lines: 145 183 3383 0
cc -std=gnu11 -Wall -m64 -mcx16 -DOS_OBJECT_USE_OBJC=0 -D_GNU_SOURCE -D_FILE_OFFSET_BITS=64 -D_LARGEFILE_SOURCE -Wstrict-prototypes -Wredundant-decls -Wundef -Wwrite-strings -Wmissing-prototypes -fno-strict-aliasing -fno-common -fwrapv -Wold-style-definition -Wtype-limits -Wformat-security -Wformat-y2k -Winit-self -Wignored-qualifiers -Wempty-body -Wnested-externs -Wendif-labels -Wexpansion-to-defined -Wno-initializer-overrides -Wno-missing-include-dirs -Wno-shift-negative-value -Wno-string-plus-int -Wno-typedef-redefinition -Wno-tautological-type-limit-compare -Wno-psabi -fstack-protector-strong -o config-temp/qemu-conf.exe config-temp/qemu-conf.c -m64 -fstack-protector-strong

funcs: do_compiler do_cc compile_prog main
lines: 145 183 3412 0
cc -std=gnu11 -Wall -m64 -mcx16 -DOS_OBJECT_USE_OBJC=0 -D_GNU_SOURCE -D_FILE_OFFSET_BITS=64 -D_LARGEFILE_SOURCE -Wstrict-prototypes -Wredundant-decls -Wundef -Wwrite-strings -Wmissing-prototypes -fno-strict-aliasing -fno-common -fwrapv -Wold-style-definition -Wtype-limits -Wformat-security -Wformat-y2k -Winit-self -Wignored-qualifiers -Wempty-body -Wnested-externs -Wendif-labels -Wexpansion-to-defined -Wno-initializer-overrides -Wno-missing-include-dirs -Wno-shift-negative-value -Wno-string-plus-int -Wno-typedef-redefinition -Wno-tautological-type-limit-compare -Wno-psabi -fstack-protector-strong -o config-temp/qemu-conf.exe config-temp/qemu-conf.c -m64 -fstack-protector-strong -laio
config-temp/qemu-conf.c:1:10: fatal error: 'libaio.h' file not found
#include <libaio.h>
         ^~~~~~~~~~
1 error generated.

funcs: do_compiler do_cc compile_prog main
lines: 145 183 3446 0
cc -std=gnu11 -Wall -m64 -mcx16 -DOS_OBJECT_USE_OBJC=0 -D_GNU_SOURCE -D_FILE_OFFSET_BITS=64 -D_LARGEFILE_SOURCE -Wstrict-prototypes -Wredundant-decls -Wundef -Wwrite-strings -Wmissing-prototypes -fno-strict-aliasing -fno-common -fwrapv -Wold-style-definition -Wtype-limits -Wformat-security -Wformat-y2k -Winit-self -Wignored-qualifiers -Wempty-body -Wnested-externs -Wendif-labels -Wexpansion-to-defined -Wno-initializer-overrides -Wno-missing-include-dirs -Wno-shift-negative-value -Wno-string-plus-int -Wno-typedef-redefinition -Wno-tautological-type-limit-compare -Wno-psabi -fstack-protector-strong -o config-temp/qemu-conf.exe config-temp/qemu-conf.c -m64 -fstack-protector-strong

funcs: do_compiler do_cc compile_prog main
lines: 145 183 3477 0
cc -std=gnu11 -Wall -m64 -mcx16 -DOS_OBJECT_USE_OBJC=0 -D_GNU_SOURCE -D_FILE_OFFSET_BITS=64 -D_LARGEFILE_SOURCE -Wstrict-prototypes -Wredundant-decls -Wundef -Wwrite-strings -Wmissing-prototypes -fno-strict-aliasing -fno-common -fwrapv -Wold-style-definition -Wtype-limits -Wformat-security -Wformat-y2k -Winit-self -Wignored-qualifiers -Wempty-body -Wnested-externs -Wendif-labels -Wexpansion-to-defined -Wno-initializer-overrides -Wno-missing-include-dirs -Wno-shift-negative-value -Wno-string-plus-int -Wno-typedef-redefinition -Wno-tautological-type-limit-compare -Wno-psabi -fstack-protector-strong -o config-temp/qemu-conf.exe config-temp/qemu-conf.c -m64 -fstack-protector-strong
config-temp/qemu-conf.c:1:10: fatal error: 'epoxy/egl.h' file not found
#include <epoxy/egl.h>
         ^~~~~~~~~~~~~
1 error generated.

funcs: do_compiler do_cc compile_prog main
lines: 145 183 3505 0
cc -std=gnu11 -Wall -m64 -mcx16 -DOS_OBJECT_USE_OBJC=0 -D_GNU_SOURCE -D_FILE_OFFSET_BITS=64 -D_LARGEFILE_SOURCE -Wstrict-prototypes -Wredundant-decls -Wundef -Wwrite-strings -Wmissing-prototypes -fno-strict-aliasing -fno-common -fwrapv -Wold-style-definition -Wtype-limits -Wformat-security -Wformat-y2k -Winit-self -Wignored-qualifiers -Wempty-body -Wnested-externs -Wendif-labels -Wexpansion-to-defined -Wno-initializer-overrides -Wno-missing-include-dirs -Wno-shift-negative-value -Wno-string-plus-int -Wno-typedef-redefinition -Wno-tautological-type-limit-compare -Wno-psabi -fstack-protector-strong -o config-temp/qemu-conf.exe config-temp/qemu-conf.c -m64 -fstack-protector-strong -lnuma
config-temp/qemu-conf.c:1:10: fatal error: 'numa.h' file not found
#include <numa.h>
         ^~~~~~~~
1 error generated.

funcs: do_compiler do_cc compile_prog main
lines: 145 183 3681 0
cc -std=gnu11 -Wall -m64 -mcx16 -DOS_OBJECT_USE_OBJC=0 -D_GNU_SOURCE -D_FILE_OFFSET_BITS=64 -D_LARGEFILE_SOURCE -Wstrict-prototypes -Wredundant-decls -Wundef -Wwrite-strings -Wmissing-prototypes -fno-strict-aliasing -fno-common -fwrapv -Wold-style-definition -Wtype-limits -Wformat-security -Wformat-y2k -Winit-self -Wignored-qualifiers -Wempty-body -Wnested-externs -Wendif-labels -Wexpansion-to-defined -Wno-initializer-overrides -Wno-missing-include-dirs -Wno-shift-negative-value -Wno-string-plus-int -Wno-typedef-redefinition -Wno-tautological-type-limit-compare -Wno-psabi -fstack-protector-strong -o config-temp/qemu-conf.exe config-temp/qemu-conf.c -m64 -fstack-protector-strong

funcs: do_compiler do_cc compile_prog main
lines: 145 183 3840 0
cc -std=gnu11 -Wall -m64 -mcx16 -DOS_OBJECT_USE_OBJC=0 -D_GNU_SOURCE -D_FILE_OFFSET_BITS=64 -D_LARGEFILE_SOURCE -Wstrict-prototypes -Wredundant-decls -Wundef -Wwrite-strings -Wmissing-prototypes -fno-strict-aliasing -fno-common -fwrapv -Wold-style-definition -Wtype-limits -Wformat-security -Wformat-y2k -Winit-self -Wignored-qualifiers -Wempty-body -Wnested-externs -Wendif-labels -Wexpansion-to-defined -Wno-initializer-overrides -Wno-missing-include-dirs -Wno-shift-negative-value -Wno-string-plus-int -Wno-typedef-redefinition -Wno-tautological-type-limit-compare -Wno-psabi -fstack-protector-strong -Werror -o config-temp/qemu-conf.exe config-temp/qemu-conf.c -m64 -fstack-protector-strong

funcs: do_compiler do_cc compile_prog main
lines: 145 183 3871 0
cc -std=gnu11 -Wall -m64 -mcx16 -DOS_OBJECT_USE_OBJC=0 -D_GNU_SOURCE -D_FILE_OFFSET_BITS=64 -D_LARGEFILE_SOURCE -Wstrict-prototypes -Wredundant-decls -Wundef -Wwrite-strings -Wmissing-prototypes -fno-strict-aliasing -fno-common -fwrapv -Wold-style-definition -Wtype-limits -Wformat-security -Wformat-y2k -Winit-self -Wignored-qualifiers -Wempty-body -Wnested-externs -Wendif-labels -Wexpansion-to-defined -Wno-initializer-overrides -Wno-missing-include-dirs -Wno-shift-negative-value -Wno-string-plus-int -Wno-typedef-redefinition -Wno-tautological-type-limit-compare -Wno-psabi -fstack-protector-strong -o config-temp/qemu-conf.exe config-temp/qemu-conf.c -m64 -fstack-protector-strong

funcs: do_compiler do_cc compile_object main
lines: 145 177 3893 0
cc -std=gnu11 -Wall -m64 -mcx16 -DOS_OBJECT_USE_OBJC=0 -D_GNU_SOURCE -D_FILE_OFFSET_BITS=64 -D_LARGEFILE_SOURCE -Wstrict-prototypes -Wredundant-decls -Wundef -Wwrite-strings -Wmissing-prototypes -fno-strict-aliasing -fno-common -fwrapv -Wold-style-definition -Wtype-limits -Wformat-security -Wformat-y2k -Winit-self -Wignored-qualifiers -Wempty-body -Wnested-externs -Wendif-labels -Wexpansion-to-defined -Wno-initializer-overrides -Wno-missing-include-dirs -Wno-shift-negative-value -Wno-string-plus-int -Wno-typedef-redefinition -Wno-tautological-type-limit-compare -Wno-psabi -fstack-protector-strong -Werror -c -o config-temp/qemu-conf.o config-temp/qemu-conf.c
config-temp/qemu-conf.c:1:13: error: unknown pragma ignored [-Werror,-Wunknown-pragmas]
#pragma GCC push_options
            ^
config-temp/qemu-conf.c:2:13: error: unknown pragma ignored [-Werror,-Wunknown-pragmas]
#pragma GCC target("avx2")
            ^
2 errors generated.

funcs: do_compiler do_cc compile_prog main
lines: 145 183 3944 0
cc -std=gnu11 -Wall -m64 -mcx16 -DOS_OBJECT_USE_OBJC=0 -D_GNU_SOURCE -D_FILE_OFFSET_BITS=64 -D_LARGEFILE_SOURCE -Wstrict-prototypes -Wredundant-decls -Wundef -Wwrite-strings -Wmissing-prototypes -fno-strict-aliasing -fno-common -fwrapv -Wold-style-definition -Wtype-limits -Wformat-security -Wformat-y2k -Winit-self -Wignored-qualifiers -Wempty-body -Wnested-externs -Wendif-labels -Wexpansion-to-defined -Wno-initializer-overrides -Wno-missing-include-dirs -Wno-shift-negative-value -Wno-string-plus-int -Wno-typedef-redefinition -Wno-tautological-type-limit-compare -Wno-psabi -fstack-protector-strong -o config-temp/qemu-conf.exe config-temp/qemu-conf.c -m64 -fstack-protector-strong

funcs: do_compiler do_cc compile_prog main
lines: 145 183 3963 0
cc -std=gnu11 -Wall -m64 -mcx16 -DOS_OBJECT_USE_OBJC=0 -D_GNU_SOURCE -D_FILE_OFFSET_BITS=64 -D_LARGEFILE_SOURCE -Wstrict-prototypes -Wredundant-decls -Wundef -Wwrite-strings -Wmissing-prototypes -fno-strict-aliasing -fno-common -fwrapv -Wold-style-definition -Wtype-limits -Wformat-security -Wformat-y2k -Winit-self -Wignored-qualifiers -Wempty-body -Wnested-externs -Wendif-labels -Wexpansion-to-defined -Wno-initializer-overrides -Wno-missing-include-dirs -Wno-shift-negative-value -Wno-string-plus-int -Wno-typedef-redefinition -Wno-tautological-type-limit-compare -Wno-psabi -fstack-protector-strong -o config-temp/qemu-conf.exe config-temp/qemu-conf.c -m64 -fstack-protector-strong
config-temp/qemu-conf.c:4:26: error: too few arguments to function call, expected 3, have 2
  y = __atomic_load(&x, 0);
      ~~~~~~~~~~~~~      ^
config-temp/qemu-conf.c:5:22: warning: incompatible integer to pointer conversion passing 'unsigned __int128' to parameter of type 'unsigned __int128 *'; take the address with & [-Wint-conversion]
  __atomic_store(&x, y, 0);
                     ^
                     &
config-temp/qemu-conf.c:6:37: warning: incompatible integer to pointer conversion passing 'unsigned __int128' to parameter of type 'unsigned __int128 *'; take the address with & [-Wint-conversion]
  __atomic_compare_exchange(&x, &y, x, 0, 0, 0);
                                    ^
                                    &
2 warnings and 1 error generated.

funcs: do_compiler do_cc compile_prog main
lines: 145 183 3978 0
cc -std=gnu11 -Wall -m64 -mcx16 -DOS_OBJECT_USE_OBJC=0 -D_GNU_SOURCE -D_FILE_OFFSET_BITS=64 -D_LARGEFILE_SOURCE -Wstrict-prototypes -Wredundant-decls -Wundef -Wwrite-strings -Wmissing-prototypes -fno-strict-aliasing -fno-common -fwrapv -Wold-style-definition -Wtype-limits -Wformat-security -Wformat-y2k -Winit-self -Wignored-qualifiers -Wempty-body -Wnested-externs -Wendif-labels -Wexpansion-to-defined -Wno-initializer-overrides -Wno-missing-include-dirs -Wno-shift-negative-value -Wno-string-plus-int -Wno-typedef-redefinition -Wno-tautological-type-limit-compare -Wno-psabi -fstack-protector-strong -o config-temp/qemu-conf.exe config-temp/qemu-conf.c -m64 -fstack-protector-strong

funcs: do_compiler do_cc compile_prog main
lines: 145 183 4001 0
cc -std=gnu11 -Wall -m64 -mcx16 -DOS_OBJECT_USE_OBJC=0 -D_GNU_SOURCE -D_FILE_OFFSET_BITS=64 -D_LARGEFILE_SOURCE -Wstrict-prototypes -Wredundant-decls -Wundef -Wwrite-strings -Wmissing-prototypes -fno-strict-aliasing -fno-common -fwrapv -Wold-style-definition -Wtype-limits -Wformat-security -Wformat-y2k -Winit-self -Wignored-qualifiers -Wempty-body -Wnested-externs -Wendif-labels -Wexpansion-to-defined -Wno-initializer-overrides -Wno-missing-include-dirs -Wno-shift-negative-value -Wno-string-plus-int -Wno-typedef-redefinition -Wno-tautological-type-limit-compare -Wno-psabi -fstack-protector-strong -o config-temp/qemu-conf.exe config-temp/qemu-conf.c -m64 -fstack-protector-strong

funcs: do_compiler do_cc compile_prog main
lines: 145 183 4015 0
cc -std=gnu11 -Wall -m64 -mcx16 -DOS_OBJECT_USE_OBJC=0 -D_GNU_SOURCE -D_FILE_OFFSET_BITS=64 -D_LARGEFILE_SOURCE -Wstrict-prototypes -Wredundant-decls -Wundef -Wwrite-strings -Wmissing-prototypes -fno-strict-aliasing -fno-common -fwrapv -Wold-style-definition -Wtype-limits -Wformat-security -Wformat-y2k -Winit-self -Wignored-qualifiers -Wempty-body -Wnested-externs -Wendif-labels -Wexpansion-to-defined -Wno-initializer-overrides -Wno-missing-include-dirs -Wno-shift-negative-value -Wno-string-plus-int -Wno-typedef-redefinition -Wno-tautological-type-limit-compare -Wno-psabi -fstack-protector-strong -o config-temp/qemu-conf.exe config-temp/qemu-conf.c -m64 -fstack-protector-strong
config-temp/qemu-conf.c:1:10: fatal error: 'sys/auxv.h' file not found
#include <sys/auxv.h>
         ^~~~~~~~~~~~
1 error generated.

funcs: do_compiler do_cc compile_object main
lines: 145 177 4043 0
cc -std=gnu11 -Wall -m64 -mcx16 -DOS_OBJECT_USE_OBJC=0 -D_GNU_SOURCE -D_FILE_OFFSET_BITS=64 -D_LARGEFILE_SOURCE -Wstrict-prototypes -Wredundant-decls -Wundef -Wwrite-strings -Wmissing-prototypes -fno-strict-aliasing -fno-common -fwrapv -Wold-style-definition -Wtype-limits -Wformat-security -Wformat-y2k -Winit-self -Wignored-qualifiers -Wempty-body -Wnested-externs -Wendif-labels -Wexpansion-to-defined -Wno-initializer-overrides -Wno-missing-include-dirs -Wno-shift-negative-value -Wno-string-plus-int -Wno-typedef-redefinition -Wno-tautological-type-limit-compare -Wno-psabi -fstack-protector-strong -Werror -c -o config-temp/qemu-conf.o config-temp/qemu-conf.c

funcs: do_compiler do_cc compile_prog main
lines: 145 183 4072 0
cc -std=gnu11 -Wall -m64 -mcx16 -DOS_OBJECT_USE_OBJC=0 -D_GNU_SOURCE -D_FILE_OFFSET_BITS=64 -D_LARGEFILE_SOURCE -Wstrict-prototypes -Wredundant-decls -Wundef -Wwrite-strings -Wmissing-prototypes -fno-strict-aliasing -fno-common -fwrapv -Wold-style-definition -Wtype-limits -Wformat-security -Wformat-y2k -Winit-self -Wignored-qualifiers -Wempty-body -Wnested-externs -Wendif-labels -Wexpansion-to-defined -Wno-initializer-overrides -Wno-missing-include-dirs -Wno-shift-negative-value -Wno-string-plus-int -Wno-typedef-redefinition -Wno-tautological-type-limit-compare -Wno-psabi -fstack-protector-strong -o config-temp/qemu-conf.exe config-temp/qemu-conf.c -m64 -fstack-protector-strong
config-temp/qemu-conf.c:1:10: fatal error: 'linux/fs.h' file not found
#include <linux/fs.h>
         ^~~~~~~~~~~~
1 error generated.

funcs: do_compiler do_cc compile_prog main
lines: 145 183 4130 0
cc -std=gnu11 -Wall -m64 -mcx16 -DOS_OBJECT_USE_OBJC=0 -D_GNU_SOURCE -D_FILE_OFFSET_BITS=64 -D_LARGEFILE_SOURCE -Wstrict-prototypes -Wredundant-decls -Wundef -Wwrite-strings -Wmissing-prototypes -fno-strict-aliasing -fno-common -fwrapv -Wold-style-definition -Wtype-limits -Wformat-security -Wformat-y2k -Winit-self -Wignored-qualifiers -Wempty-body -Wnested-externs -Wendif-labels -Wexpansion-to-defined -Wno-initializer-overrides -Wno-missing-include-dirs -Wno-shift-negative-value -Wno-string-plus-int -Wno-typedef-redefinition -Wno-tautological-type-limit-compare -Wno-psabi -fstack-protector-strong -o config-temp/qemu-conf.exe config-temp/qemu-conf.c -m64 -fstack-protector-strong
config-temp/qemu-conf.c:7:10: fatal error: 'linux/vm_sockets.h' file not found
#include <linux/vm_sockets.h>
         ^~~~~~~~~~~~~~~~~~~~
1 error generated.

funcs: do_compiler do_cc compile_prog main
lines: 145 183 4148 0
cc -std=gnu11 -Wall -m64 -mcx16 -DOS_OBJECT_USE_OBJC=0 -D_GNU_SOURCE -D_FILE_OFFSET_BITS=64 -D_LARGEFILE_SOURCE -Wstrict-prototypes -Wredundant-decls -Wundef -Wwrite-strings -Wmissing-prototypes -fno-strict-aliasing -fno-common -fwrapv -Wold-style-definition -Wtype-limits -Wformat-security -Wformat-y2k -Winit-self -Wignored-qualifiers -Wempty-body -Wnested-externs -Wendif-labels -Wexpansion-to-defined -Wno-initializer-overrides -Wno-missing-include-dirs -Wno-shift-negative-value -Wno-string-plus-int -Wno-typedef-redefinition -Wno-tautological-type-limit-compare -Wno-psabi -fstack-protector-strong -o config-temp/qemu-conf.exe config-temp/qemu-conf.c -m64 -fstack-protector-strong
config-temp/qemu-conf.c:4:10: fatal error: 'linux/if_alg.h' file not found
#include <linux/if_alg.h>
         ^~~~~~~~~~~~~~~~
1 error generated.

funcs: do_compiler do_cc compile_object main
lines: 145 177 4448 0
cc -std=gnu11 -Wall -m64 -mcx16 -DOS_OBJECT_USE_OBJC=0 -D_GNU_SOURCE -D_FILE_OFFSET_BITS=64 -D_LARGEFILE_SOURCE -Wstrict-prototypes -Wredundant-decls -Wundef -Wwrite-strings -Wmissing-prototypes -fno-strict-aliasing -fno-common -fwrapv -Wold-style-definition -Wtype-limits -Wformat-security -Wformat-y2k -Winit-self -Wignored-qualifiers -Wempty-body -Wnested-externs -Wendif-labels -Wexpansion-to-defined -Wno-initializer-overrides -Wno-missing-include-dirs -Wno-shift-negative-value -Wno-string-plus-int -Wno-typedef-redefinition -Wno-tautological-type-limit-compare -Wno-psabi -fstack-protector-strong -c -o config-temp/qemu-conf.o config-temp/qemu-conf.c

funcs: do_compiler do_cxx main
lines: 149 4459 0
c++ -std=gnu++11 -Wall -D__STDC_LIMIT_MACROS -D__STDC_CONSTANT_MACROS -D__STDC_FORMAT_MACROS -m64 -mcx16 -DOS_OBJECT_USE_OBJC=0 -D_GNU_SOURCE -D_FILE_OFFSET_BITS=64 -D_LARGEFILE_SOURCE -Wundef -Wwrite-strings -fno-strict-aliasing -fno-common -fwrapv -Wtype-limits -Wformat-security -Wformat-y2k -Winit-self -Wignored-qualifiers -Wempty-body -Wendif-labels -Wexpansion-to-defined -Wno-initializer-overrides -Wno-missing-include-dirs -Wno-shift-negative-value -Wno-string-plus-int -Wno-typedef-redefinition -Wno-tautological-type-limit-compare -Wno-psabi -fstack-protector-strong -o config-temp/qemu-conf.exe config-temp/qemu-conf.cxx config-temp/qemu-conf.o -m64 -fstack-protector-strong
